<?xml version="1.0" encoding="UTF-8"?>
<!-- Generated by org.testng.reporters.JUnitXMLReporter -->
<testsuite hostname="LAPTOP-KLR7GBRB" name="Command line test" tests="4" failures="0" timestamp="15 Jun 2018 12:32:15 GMT" time="0.046" errors="0">
  <testcase name="div" time="0.0" classname="specs.DemoTest"/>
  <testcase name="mul" time="0.0" classname="specs.DemoTest"/>
  <testcase name="sub" time="0.0" classname="specs.DemoTest"/>
  <testcase name="sum" time="0.0" classname="specs.DemoTest"/>
</testsuite> <!-- Command line test -->
